DELIMITER $$


	
CREATE OR REPLACE PROCEDURE Cadastra_Participantes(INOUT idSpedfiscal INT, INOUT idParticipante INT)


	
BEGIN


			IF (( SELECT count(id) FROM tb_spedfiscal_participante WHERE id_sped = @idSpedfiscal AND id_fornecedor = @idParticipante ) > 0 ) THEN 



						SELECT id FROM tb_spedfiscal_participante WHERE id_sped = @idSpedfiscal AND id_fornecedor = @idParticipante; 



				END IF; 



		END 



$$ 



DELIMITER; 


-- ------------------------------------------- 
 -- Obtendo o ID do fornecedor 
 -- ------------------------------------------- 
 set @idFornecedor=1; 
 -- ------------------------------------------- 

-- ------------------------------------------- 
 -- Obtendo o ID do Contador 
 -- ------------------------------------------- 
 set @idContador=1; 
 -- ------------------------------------------- 

-- ------------------------------------------- 
 -- Obtendo o ID do SpedFiscal 
 -- ------------------------------------------- 
 set @idSpedfiscal=1; 
 -- ------------------------------------------- 

set @idParticipante=2; 
 IF (( SELECT id FROM tb_spedfiscal_participante WHERE id_sped = @idSpedfiscal AND id_fornecedor = @idParticipante )) THEN BEGIN END END IF;
set @idParticipante=3; 
 IF (( SELECT id FROM tb_spedfiscal_participante WHERE id_sped = @idSpedfiscal AND id_fornecedor = @idParticipante )) THEN BEGIN END END IF;
set @idParticipante=4; 
 IF (( SELECT id FROM tb_spedfiscal_participante WHERE id_sped = @idSpedfiscal AND id_fornecedor = @idParticipante )) THEN BEGIN END END IF;
set @idParticipante=5; 
 IF (( SELECT id FROM tb_spedfiscal_participante WHERE id_sped = @idSpedfiscal AND id_fornecedor = @idParticipante )) THEN BEGIN END END IF;
set @idParticipante=6; 
 IF (( SELECT id FROM tb_spedfiscal_participante WHERE id_sped = @idSpedfiscal AND id_fornecedor = @idParticipante )) THEN BEGIN END END IF;
set @idParticipante=7; 
 IF (( SELECT id FROM tb_spedfiscal_participante WHERE id_sped = @idSpedfiscal AND id_fornecedor = @idParticipante )) THEN BEGIN END END IF;
set @idParticipante=8; 
 IF (( SELECT id FROM tb_spedfiscal_participante WHERE id_sped = @idSpedfiscal AND id_fornecedor = @idParticipante )) THEN BEGIN END END IF;
set @idParticipante=9; 
 IF (( SELECT id FROM tb_spedfiscal_participante WHERE id_sped = @idSpedfiscal AND id_fornecedor = @idParticipante )) THEN BEGIN END END IF;
set @idParticipante=10; 
 IF (( SELECT id FROM tb_spedfiscal_participante WHERE id_sped = @idSpedfiscal AND id_fornecedor = @idParticipante )) THEN BEGIN END END IF;
set @idParticipante=11; 
 IF (( SELECT id FROM tb_spedfiscal_participante WHERE id_sped = @idSpedfiscal AND id_fornecedor = @idParticipante )) THEN BEGIN END END IF;
set @idParticipante=12; 
 IF (( SELECT id FROM tb_spedfiscal_participante WHERE id_sped = @idSpedfiscal AND id_fornecedor = @idParticipante )) THEN BEGIN END END IF;
set @idParticipante=13; 
 IF (( SELECT id FROM tb_spedfiscal_participante WHERE id_sped = @idSpedfiscal AND id_fornecedor = @idParticipante )) THEN BEGIN END END IF;
set @idParticipante=14; 
 IF (( SELECT id FROM tb_spedfiscal_participante WHERE id_sped = @idSpedfiscal AND id_fornecedor = @idParticipante )) THEN BEGIN END END IF;
